This is pdfTeX, Version 3.14159265-2.6-1.40.21 (MiKTeX 20.6.29) (preloaded format=pdflatex 2021.11.17)  25 NOV 2021 01:39
entering extended mode
**"./class project 2.tex"
("class project 2.tex"
LaTeX2e <2021-06-01> patch level 1
L3 programming layer <2021-08-27>
(C:\Users\RAMETU\AppData\Local\Programs\MiKTeX\tex/latex/base\article.cls
Document Class: article 2021/02/12 v1.4n Standard LaTeX document class
(C:\Users\RAMETU\AppData\Local\Programs\MiKTeX\tex/latex/base\size10.clo
File: size10.clo 2021/02/12 v1.4n Standard LaTeX file (size option)
)
\c@part=\count182
\c@section=\count183
\c@subsection=\count184
\c@subsubsection=\count185
\c@paragraph=\count186
\c@subparagraph=\count187
\c@figure=\count188
\c@table=\count189
\abovecaptionskip=\skip47
\belowcaptionskip=\skip48
\bibindent=\dimen138
)
(C:\Users\RAMETU\AppData\Local\Programs\MiKTeX\tex/latex/graphics\graphicx.sty
Package: graphicx 2020/12/05 v1.2c Enhanced LaTeX Graphics (DPC,SPQR)

(C:\Users\RAMETU\AppData\Local\Programs\MiKTeX\tex/latex/graphics\keyval.sty
Package: keyval 2014/10/28 v1.15 key=value parser (DPC)
\KV@toks@=\toks16
)
(C:\Users\RAMETU\AppData\Local\Programs\MiKTeX\tex/latex/graphics\graphics.sty
Package: graphics 2021/03/04 v1.4d Standard LaTeX Graphics (DPC,SPQR)

(C:\Users\RAMETU\AppData\Local\Programs\MiKTeX\tex/latex/graphics\trig.sty
Package: trig 2016/01/03 v1.10 sin cos tan (DPC)
)
(C:\Users\RAMETU\AppData\Local\Programs\MiKTeX\tex/latex/graphics-cfg\graphics.
cfg
File: graphics.cfg 2016/06/04 v1.11 sample graphics configuration
)
Package graphics Info: Driver file: pdftex.def on input line 107.

(C:\Users\RAMETU\AppData\Local\Programs\MiKTeX\tex/latex/graphics-def\pdftex.de
f
File: pdftex.def 2020/10/05 v1.2a Graphics/color driver for pdftex
))
\Gin@req@height=\dimen139
\Gin@req@width=\dimen140
)
(C:\Users\RAMETU\AppData\Local\Programs\MiKTeX\tex/latex/amsmath\amsmath.sty
Package: amsmath 2021/04/20 v2.17j AMS math features
\@mathmargin=\skip49

For additional information on amsmath, use the `?' option.
(C:\Users\RAMETU\AppData\Local\Programs\MiKTeX\tex/latex/amsmath\amstext.sty
Package: amstext 2000/06/29 v2.01 AMS text

(C:\Users\RAMETU\AppData\Local\Programs\MiKTeX\tex/latex/amsmath\amsgen.sty
File: amsgen.sty 1999/11/30 v2.0 generic functions
\@emptytoks=\toks17
\ex@=\dimen141
))
(C:\Users\RAMETU\AppData\Local\Programs\MiKTeX\tex/latex/amsmath\amsbsy.sty
Package: amsbsy 1999/11/29 v1.2d Bold Symbols
\pmbraise@=\dimen142
)
(C:\Users\RAMETU\AppData\Local\Programs\MiKTeX\tex/latex/amsmath\amsopn.sty
Package: amsopn 2016/03/08 v2.02 operator names
)
\inf@bad=\count190
LaTeX Info: Redefining \frac on input line 234.
\uproot@=\count191
\leftroot@=\count192
LaTeX Info: Redefining \overline on input line 399.
\classnum@=\count193
\DOTSCASE@=\count194
LaTeX Info: Redefining \ldots on input line 496.
LaTeX Info: Redefining \dots on input line 499.
LaTeX Info: Redefining \cdots on input line 620.
\Mathstrutbox@=\box50
\strutbox@=\box51
\big@size=\dimen143
LaTeX Font Info:    Redeclaring font encoding OML on input line 743.
LaTeX Font Info:    Redeclaring font encoding OMS on input line 744.
\macc@depth=\count195
\c@MaxMatrixCols=\count196
\dotsspace@=\muskip16
\c@parentequation=\count197
\dspbrk@lvl=\count198
\tag@help=\toks18
\row@=\count199
\column@=\count266
\maxfields@=\count267
\andhelp@=\toks19
\eqnshift@=\dimen144
\alignsep@=\dimen145
\tagshift@=\dimen146
\tagwidth@=\dimen147
\totwidth@=\dimen148
\lineht@=\dimen149
\@envbody=\toks20
\multlinegap=\skip50
\multlinetaggap=\skip51
\mathdisplay@stack=\toks21
LaTeX Info: Redefining \[ on input line 2923.
LaTeX Info: Redefining \] on input line 2924.
)
(C:\Users\RAMETU\AppData\Local\Programs\MiKTeX\tex/latex/graphics\color.sty
Package: color 2020/02/24 v1.2b Standard LaTeX Color (DPC)

(C:\Users\RAMETU\AppData\Local\Programs\MiKTeX\tex/latex/graphics-cfg\color.cfg
File: color.cfg 2016/01/02 v1.6 sample color configuration
)
Package color Info: Driver file: pdftex.def on input line 149.
) (C:\Users\RAMETU\AppData\Local\Programs\MiKTeX\tex/latex/xcolor\xcolor.sty
Package: xcolor 2016/05/11 v2.12 LaTeX color extensions (UK)

(C:\Users\RAMETU\AppData\Local\Programs\MiKTeX\tex/latex/graphics-cfg\color.cfg
File: color.cfg 2016/01/02 v1.6 sample color configuration
)
Package xcolor Info: Driver file: pdftex.def on input line 225.
 ("C:\Program Files\MiKTeX\tex/latex/colortbl\colortbl.sty"
Package: colortbl 2020/01/04 v1.0e Color table columns (DPC)

(C:\Users\RAMETU\AppData\Local\Programs\MiKTeX\tex/latex/tools\array.sty
Package: array 2021/04/20 v2.5e Tabular extension package (FMi)
\col@sep=\dimen150
\ar@mcellbox=\box52
\extrarowheight=\dimen151
\NC@list=\toks22
\extratabsurround=\skip52
\backup@length=\skip53
\ar@cellbox=\box53
)
\everycr=\toks23
\minrowclearance=\skip54
)
LaTeX Info: Redefining \color on input line 709.
\rownum=\count268
Package xcolor Info: Model `cmy' substituted by `cmy0' on input line 1348.
Package xcolor Info: Model `hsb' substituted by `rgb' on input line 1352.
Package xcolor Info: Model `RGB' extended on input line 1364.
Package xcolor Info: Model `HTML' substituted by `rgb' on input line 1366.
Package xcolor Info: Model `Hsb' substituted by `hsb' on input line 1367.
Package xcolor Info: Model `tHsb' substituted by `hsb' on input line 1368.
Package xcolor Info: Model `HSB' substituted by `hsb' on input line 1369.
Package xcolor Info: Model `Gray' substituted by `gray' on input line 1370.
Package xcolor Info: Model `wave' substituted by `hsb' on input line 1371.
)
(C:\Users\RAMETU\AppData\Local\Programs\MiKTeX\tex/latex/caption\subcaption.sty
Package: subcaption 2020/10/07 v1.3j Sub-captions (AR)
(C:\Users\RAMETU\AppData\Local\Programs\MiKTeX\tex/latex/caption\caption.sty
Package: caption 2020/10/26 v3.5g Customizing captions (AR)

(C:\Users\RAMETU\AppData\Local\Programs\MiKTeX\tex/latex/caption\caption3.sty
Package: caption3 2020/10/21 v2.2e caption3 kernel (AR)
\captionmargin=\dimen152
\captionmargin@=\dimen153
\captionwidth=\dimen154
\caption@tempdima=\dimen155
\caption@indent=\dimen156
\caption@parindent=\dimen157
\caption@hangindent=\dimen158
Package caption Info: Standard document class detected.
)
\c@caption@flags=\count269
\c@continuedfloat=\count270
)
\c@subfigure=\count271
\c@subtable=\count272
)
(C:\Users\RAMETU\AppData\Local\Programs\MiKTeX\tex/latex/l3backend\l3backend-pd
ftex.def
File: l3backend-pdftex.def 2021-08-04 L3 backend support: PDF output (pdfTeX)
\l__color_backend_stack_int=\count273
\l__pdf_internal_box=\box54
) ("class project 2.aux")
\openout1 = `"class project 2.aux"'.

LaTeX Font Info:    Checking defaults for OML/cmm/m/it on input line 13.
LaTeX Font Info:    ... okay on input line 13.
LaTeX Font Info:    Checking defaults for OMS/cmsy/m/n on input line 13.
LaTeX Font Info:    ... okay on input line 13.
LaTeX Font Info:    Checking defaults for OT1/cmr/m/n on input line 13.
LaTeX Font Info:    ... okay on input line 13.
LaTeX Font Info:    Checking defaults for T1/cmr/m/n on input line 13.
LaTeX Font Info:    ... okay on input line 13.
LaTeX Font Info:    Checking defaults for TS1/cmr/m/n on input line 13.
LaTeX Font Info:    ... okay on input line 13.
LaTeX Font Info:    Checking defaults for OMX/cmex/m/n on input line 13.
LaTeX Font Info:    ... okay on input line 13.
LaTeX Font Info:    Checking defaults for U/cmr/m/n on input line 13.
LaTeX Font Info:    ... okay on input line 13.

(C:\Users\RAMETU\AppData\Local\Programs\MiKTeX\tex/context/base/mkii\supp-pdf.m
kii
[Loading MPS to PDF converter (version 2006.09.02).]
\scratchcounter=\count274
\scratchdimen=\dimen159
\scratchbox=\box55
\nofMPsegments=\count275
\nofMParguments=\count276
\everyMPshowfont=\toks24
\MPscratchCnt=\count277
\MPscratchDim=\dimen160
\MPnumerator=\count278
\makeMPintoPDFobject=\count279
\everyMPtoPDFconversion=\toks25
)
(C:\Users\RAMETU\AppData\Local\Programs\MiKTeX\tex/latex/epstopdf-pkg\epstopdf-
base.sty
Package: epstopdf-base 2020-01-24 v2.11 Base part for package epstopdf
Package epstopdf-base Info: Redefining graphics rule for `.eps' on input line 4
85.

(C:\Users\RAMETU\AppData\Local\Programs\MiKTeX\tex/latex/00miktex\epstopdf-sys.
cfg
File: epstopdf-sys.cfg 2021/03/18 v2.0 Configuration of epstopdf for MiKTeX
))
Package caption Info: Begin \AtBeginDocument code.
Package caption Info: End \AtBeginDocument code.
 ("class project 2.toc")
\tf@toc=\write3
\openout3 = `"class project 2.toc"'.

 [1

{C:/Users/RAMETU/AppData/Local/MiKTeX/pdftex/config/pdftex.map}] [2]
Underfull \hbox (badness 10000) in paragraph at lines 70--88

 []


Underfull \hbox (badness 10000) in paragraph at lines 94--112

 []


Underfull \hbox (badness 10000) in paragraph at lines 115--117

 []


Underfull \hbox (badness 10000) in paragraph at lines 135--136

 []

[3]
Underfull \hbox (badness 10000) in paragraph at lines 142--160

 []


Underfull \hbox (badness 10000) in paragraph at lines 168--169

 []

[4]
Underfull \hbox (badness 10000) in paragraph at lines 214--233

 []

[5]

LaTeX Warning: Citation `108' on page 6 undefined on input line 245.

[6] ("class project 2.bbl"

LaTeX Warning: Empty `thebibliography' environment on input line 3.

) [7] ("class project 2.aux")

LaTeX Warning: There were undefined references.

 ) 
Here is how much of TeX's memory you used:
 3805 strings out of 478936
 60225 string characters out of 2852298
 657111 words of memory out of 3000000
 21646 multiletter control sequences out of 15000+600000
 409447 words of font info for 48 fonts, out of 8000000 for 9000
 1141 hyphenation exceptions out of 8191
 67i,12n,77p,364b,546s stack positions out of 5000i,500n,10000p,200000b,80000s
 <C:\Users\RAMETU\AppData\Local\MiKTeX\fonts/pk/ljfour/jknappen/ec/dpi600\tcr
m1000.pk><C:/Users/RAMETU/AppData/Local/Programs/MiKTeX/fonts/type1/public/amsf
onts/cm/cmbx10.pfb><C:/Users/RAMETU/AppData/Local/Programs/MiKTeX/fonts/type1/p
ublic/amsfonts/cm/cmbx12.pfb><C:/Users/RAMETU/AppData/Local/Programs/MiKTeX/fon
ts/type1/public/amsfonts/cm/cmmi10.pfb><C:/Users/RAMETU/AppData/Local/Programs/
MiKTeX/fonts/type1/public/amsfonts/cm/cmr10.pfb><C:/Users/RAMETU/AppData/Local/
Programs/MiKTeX/fonts/type1/public/amsfonts/cm/cmr12.pfb><C:/Users/RAMETU/AppDa
ta/Local/Programs/MiKTeX/fonts/type1/public/amsfonts/cm/cmr17.pfb><C:/Users/RAM
ETU/AppData/Local/Programs/MiKTeX/fonts/type1/public/amsfonts/cm/cmr9.pfb>
Output written on "class project 2.pdf" (7 pages, 114636 bytes).
PDF statistics:
 66 PDF objects out of 1000 (max. 8388607)
 0 named destinations out of 1000 (max. 500000)
 1 words of extra memory for PDF output out of 10000 (max. 10000000)

