This is pdfTeX, Version 3.14159265-2.6-1.40.21 (MiKTeX 20.6.29) (preloaded format=pdflatex 2021.11.17)  17 NOV 2021 21:23
entering extended mode
**"./Excercise 1.tex"
("Excercise 1.tex"
LaTeX2e <2021-06-01> patch level 1
L3 programming layer <2021-08-27>
(C:\Users\RAMETU\AppData\Local\Programs\MiKTeX\tex/latex/base\article.cls
Document Class: article 2021/02/12 v1.4n Standard LaTeX document class
(C:\Users\RAMETU\AppData\Local\Programs\MiKTeX\tex/latex/base\size10.clo
File: size10.clo 2021/02/12 v1.4n Standard LaTeX file (size option)
)
\c@part=\count182
\c@section=\count183
\c@subsection=\count184
\c@subsubsection=\count185
\c@paragraph=\count186
\c@subparagraph=\count187
\c@figure=\count188
\c@table=\count189
\abovecaptionskip=\skip47
\belowcaptionskip=\skip48
\bibindent=\dimen138
)
(C:\Users\RAMETU\AppData\Local\Programs\MiKTeX\tex/latex/graphics\graphicx.sty
Package: graphicx 2020/12/05 v1.2c Enhanced LaTeX Graphics (DPC,SPQR)

(C:\Users\RAMETU\AppData\Local\Programs\MiKTeX\tex/latex/graphics\keyval.sty
Package: keyval 2014/10/28 v1.15 key=value parser (DPC)
\KV@toks@=\toks16
)
(C:\Users\RAMETU\AppData\Local\Programs\MiKTeX\tex/latex/graphics\graphics.sty
Package: graphics 2021/03/04 v1.4d Standard LaTeX Graphics (DPC,SPQR)

(C:\Users\RAMETU\AppData\Local\Programs\MiKTeX\tex/latex/graphics\trig.sty
Package: trig 2016/01/03 v1.10 sin cos tan (DPC)
)
(C:\Users\RAMETU\AppData\Local\Programs\MiKTeX\tex/latex/graphics-cfg\graphics.
cfg
File: graphics.cfg 2016/06/04 v1.11 sample graphics configuration
)
Package graphics Info: Driver file: pdftex.def on input line 107.

(C:\Users\RAMETU\AppData\Local\Programs\MiKTeX\tex/latex/graphics-def\pdftex.de
f
File: pdftex.def 2020/10/05 v1.2a Graphics/color driver for pdftex
))
\Gin@req@height=\dimen139
\Gin@req@width=\dimen140
)
(C:\Users\RAMETU\AppData\Local\Programs\MiKTeX\tex/latex/l3backend\l3backend-pd
ftex.def
File: l3backend-pdftex.def 2021-08-04 L3 backend support: PDF output (pdfTeX)
\l__color_backend_stack_int=\count190
\l__pdf_internal_box=\box50
) ("Excercise 1.aux")
\openout1 = `"Excercise 1.aux"'.

LaTeX Font Info:    Checking defaults for OML/cmm/m/it on input line 5.
LaTeX Font Info:    ... okay on input line 5.
LaTeX Font Info:    Checking defaults for OMS/cmsy/m/n on input line 5.
LaTeX Font Info:    ... okay on input line 5.
LaTeX Font Info:    Checking defaults for OT1/cmr/m/n on input line 5.
LaTeX Font Info:    ... okay on input line 5.
LaTeX Font Info:    Checking defaults for T1/cmr/m/n on input line 5.
LaTeX Font Info:    ... okay on input line 5.
LaTeX Font Info:    Checking defaults for TS1/cmr/m/n on input line 5.
LaTeX Font Info:    ... okay on input line 5.
LaTeX Font Info:    Checking defaults for OMX/cmex/m/n on input line 5.
LaTeX Font Info:    ... okay on input line 5.
LaTeX Font Info:    Checking defaults for U/cmr/m/n on input line 5.
LaTeX Font Info:    ... okay on input line 5.

(C:\Users\RAMETU\AppData\Local\Programs\MiKTeX\tex/context/base/mkii\supp-pdf.m
kii
[Loading MPS to PDF converter (version 2006.09.02).]
\scratchcounter=\count191
\scratchdimen=\dimen141
\scratchbox=\box51
\nofMPsegments=\count192
\nofMParguments=\count193
\everyMPshowfont=\toks17
\MPscratchCnt=\count194
\MPscratchDim=\dimen142
\MPnumerator=\count195
\makeMPintoPDFobject=\count196
\everyMPtoPDFconversion=\toks18
)
(C:\Users\RAMETU\AppData\Local\Programs\MiKTeX\tex/latex/epstopdf-pkg\epstopdf-
base.sty
Package: epstopdf-base 2020-01-24 v2.11 Base part for package epstopdf
Package epstopdf-base Info: Redefining graphics rule for `.eps' on input line 4
85.

(C:\Users\RAMETU\AppData\Local\Programs\MiKTeX\tex/latex/00miktex\epstopdf-sys.
cfg
File: epstopdf-sys.cfg 2021/03/18 v2.0 Configuration of epstopdf for MiKTeX
))
LaTeX Font Info:    External font `cmex10' loaded for size
(Font)              <7> on input line 14.
LaTeX Font Info:    External font `cmex10' loaded for size
(Font)              <5> on input line 14.
<smartphones.jpg, id=1, 251.94125pt x 201.75375pt>
File: smartphones.jpg Graphic file (type jpg)
<use smartphones.jpg>
Package pdftex.def Info: smartphones.jpg  used on input line 23.
(pdftex.def)             Requested size: 68.99895pt x 55.2531pt.
<tablets.jpg, id=2, 225.84375pt x 225.84375pt>
File: tablets.jpg Graphic file (type jpg)
<use tablets.jpg>
Package pdftex.def Info: tablets.jpg  used on input line 25.
(pdftex.def)             Requested size: 68.99895pt x 69.00113pt.
<memory devices.jpg, id=3, 265.99374pt x 190.7125pt>
File: memory devices.jpg Graphic file (type jpg)
<use memory devices.jpg>
Package pdftex.def Info: memory devices.jpg  used on input line 27.
(pdftex.def)             Requested size: 86.25pt x 61.83823pt.
 [1

{C:/Users/RAMETU/AppData/Local/MiKTeX/pdftex/config/pdftex.map} <./smartphones.
jpg> <./tablets.jpg> <./memory devices.jpg>] ("Excercise 1.aux") ) 
Here is how much of TeX's memory you used:
 1233 strings out of 478936
 19577 string characters out of 2852298
 644111 words of memory out of 3000000
 19133 multiletter control sequences out of 15000+600000
 404035 words of font info for 29 fonts, out of 8000000 for 9000
 1141 hyphenation exceptions out of 8191
 57i,12n,66p,202b,363s stack positions out of 5000i,500n,10000p,200000b,80000s
<C:/Users/RAM
ETU/AppData/Local/Programs/MiKTeX/fonts/type1/public/amsfonts/cm/cmbx12.pfb><C:
/Users/RAMETU/AppData/Local/Programs/MiKTeX/fonts/type1/public/amsfonts/cm/cmr1
0.pfb>
Output written on "Excercise 1.pdf" (1 page, 48310 bytes).
PDF statistics:
 19 PDF objects out of 1000 (max. 8388607)
 0 named destinations out of 1000 (max. 500000)
 16 words of extra memory for PDF output out of 10000 (max. 10000000)

